2021-08-28 14:54:28.379  INFO 4076 --- [restartedMain] c.u.admin.ShopmeBackEndApplication       : Starting ShopmeBackEndApplication using Java 16.0.1 on LifeisGood with PID 4076 (C:\Users\miyaw\Downloads\Compressed\ShopmeProjectEcommerce\ShopmeRootProject\ShopmeWebParent\ShopmeBackEnd\target\classes started by miyaw in C:\Users\miyaw\Downloads\Compressed\ShopmeProjectEcommerce\ShopmeRootProject\ShopmeWebParent\ShopmeBackEnd)
2021-08-28 14:54:28.381  INFO 4076 --- [restartedMain] c.u.admin.ShopmeBackEndApplication       : No active profile set, falling back to default profiles: default
2021-08-28 14:54:29.173  INFO 4076 --- [restartedMain] .s.d.r.c.RepositoryConfigurationDelegate : Bootstrapping Spring Data JPA repositories in DEFAULT mode.
2021-08-28 14:54:29.281  INFO 4076 --- [restartedMain] .s.d.r.c.RepositoryConfigurationDelegate : Finished Spring Data repository scanning in 65 ms. Found 2 JPA repository interfaces.
2021-08-28 14:54:29.723  INFO 4076 --- [restartedMain] o.s.b.w.embedded.tomcat.TomcatWebServer  : Tomcat initialized with port(s): 8080 (http)
2021-08-28 14:54:29.753  INFO 4076 --- [restartedMain] o.apache.catalina.core.StandardService   : Starting service [Tomcat]
2021-08-28 14:54:29.754  INFO 4076 --- [restartedMain] org.apache.catalina.core.StandardEngine  : Starting Servlet engine: [Apache Tomcat/9.0.50]
2021-08-28 14:54:29.811  INFO 4076 --- [restartedMain] o.a.c.c.C.[.[localhost].[/ShopmeAdmin]   : Initializing Spring embedded WebApplicationContext
2021-08-28 14:54:29.814  INFO 4076 --- [restartedMain] w.s.c.ServletWebServerApplicationContext : Root WebApplicationContext: initialization completed in 1421 ms
2021-08-28 14:54:29.976  INFO 4076 --- [restartedMain] o.hibernate.jpa.internal.util.LogHelper  : HHH000204: Processing PersistenceUnitInfo [name: default]
2021-08-28 14:54:29.986  INFO 4076 --- [restartedMain] com.zaxxer.hikari.HikariDataSource       : HikariPool-5 - Starting...
2021-08-28 14:54:30.059  INFO 4076 --- [restartedMain] com.zaxxer.hikari.HikariDataSource       : HikariPool-5 - Start completed.
2021-08-28 14:54:30.064  INFO 4076 --- [restartedMain] org.hibernate.dialect.Dialect            : HHH000400: Using dialect: org.hibernate.dialect.MySQL8Dialect
2021-08-28 14:54:30.266  INFO 4076 --- [restartedMain] o.h.e.t.j.p.i.JtaPlatformInitiator       : HHH000490: Using JtaPlatform implementation: [org.hibernate.engine.transaction.jta.platform.internal.NoJtaPlatform]
2021-08-28 14:54:30.266  INFO 4076 --- [restartedMain] j.LocalContainerEntityManagerFactoryBean : Initialized JPA EntityManagerFactory for persistence unit 'default'
2021-08-28 14:54:30.318  WARN 4076 --- [restartedMain] JpaBaseConfiguration$JpaWebConfiguration : spring.jpa.open-in-view is enabled by default. Therefore, database queries may be performed during view rendering. Explicitly configure spring.jpa.open-in-view to disable this warning
2021-08-28 14:54:30.728  INFO 4076 --- [restartedMain] o.s.s.web.DefaultSecurityFilterChain     : Will secure Ant [pattern='/images/**'] with []
2021-08-28 14:54:30.729  INFO 4076 --- [restartedMain] o.s.s.web.DefaultSecurityFilterChain     : Will secure Ant [pattern='/js/**'] with []
2021-08-28 14:54:30.729  INFO 4076 --- [restartedMain] o.s.s.web.DefaultSecurityFilterChain     : Will secure Ant [pattern='/webjars/**'] with []
2021-08-28 14:54:30.755  INFO 4076 --- [restartedMain] o.s.s.web.DefaultSecurityFilterChain     : Will secure any request with [org.springframework.security.web.context.request.async.WebAsyncManagerIntegrationFilter@1ed6bccb, org.springframework.security.web.context.SecurityContextPersistenceFilter@4eb37673, org.springframework.security.web.header.HeaderWriterFilter@23080a49, org.springframework.security.web.csrf.CsrfFilter@3802a458, org.springframework.security.web.authentication.logout.LogoutFilter@513ff605, org.springframework.security.web.authentication.UsernamePasswordAuthenticationFilter@4fcb3bd8, org.springframework.security.web.savedrequest.RequestCacheAwareFilter@758ebdbf, org.springframework.security.web.servletapi.SecurityContextHolderAwareRequestFilter@1637bb05, org.springframework.security.web.authentication.rememberme.RememberMeAuthenticationFilter@510af600, org.springframework.security.web.authentication.AnonymousAuthenticationFilter@6d638fb4, org.springframework.security.web.session.SessionManagementFilter@63be3e38, org.springframework.security.web.access.ExceptionTranslationFilter@1e24b45e, org.springframework.security.web.access.intercept.FilterSecurityInterceptor@70b07ec3]
2021-08-28 14:54:31.061  INFO 4076 --- [restartedMain] o.s.b.a.w.s.WelcomePageHandlerMapping    : Adding welcome page template: index
2021-08-28 14:54:31.553  INFO 4076 --- [restartedMain] o.s.b.d.a.OptionalLiveReloadServer       : LiveReload server is running on port 35729
2021-08-28 14:54:31.574  INFO 4076 --- [restartedMain] o.s.b.w.embedded.tomcat.TomcatWebServer  : Tomcat started on port(s): 8080 (http) with context path '/ShopmeAdmin'
2021-08-28 14:54:31.619  INFO 4076 --- [restartedMain] c.u.admin.ShopmeBackEndApplication       : Started ShopmeBackEndApplication in 3.383 seconds (JVM running for 292.767)
2021-08-28 14:54:31.624  INFO 4076 --- [restartedMain] .ConditionEvaluationDeltaLoggingListener : Condition evaluation unchanged
2021-08-28 14:58:46.616  INFO 4076 --- [Thread-19] j.LocalContainerEntityManagerFactoryBean : Closing JPA EntityManagerFactory for persistence unit 'default'
2021-08-28 14:58:46.619  INFO 4076 --- [Thread-19] com.zaxxer.hikari.HikariDataSource       : HikariPool-5 - Shutdown initiated...
2021-08-28 14:58:46.632  INFO 4076 --- [Thread-19] com.zaxxer.hikari.HikariDataSource       : HikariPool-5 - Shutdown completed.
2021-08-28 14:58:46.839  INFO 4076 --- [restartedMain] c.u.admin.ShopmeBackEndApplication       : Starting ShopmeBackEndApplication using Java 16.0.1 on LifeisGood with PID 4076 (C:\Users\miyaw\Downloads\Compressed\ShopmeProjectEcommerce\ShopmeRootProject\ShopmeWebParent\ShopmeBackEnd\target\classes started by miyaw in C:\Users\miyaw\Downloads\Compressed\ShopmeProjectEcommerce\ShopmeRootProject\ShopmeWebParent\ShopmeBackEnd)
2021-08-28 14:58:46.840  INFO 4076 --- [restartedMain] c.u.admin.ShopmeBackEndApplication       : No active profile set, falling back to default profiles: default
2021-08-28 14:58:47.158  INFO 4076 --- [restartedMain] .s.d.r.c.RepositoryConfigurationDelegate : Bootstrapping Spring Data JPA repositories in DEFAULT mode.
2021-08-28 14:58:47.179  INFO 4076 --- [restartedMain] .s.d.r.c.RepositoryConfigurationDelegate : Finished Spring Data repository scanning in 20 ms. Found 2 JPA repository interfaces.
2021-08-28 14:58:47.349  INFO 4076 --- [restartedMain] o.s.b.w.embedded.tomcat.TomcatWebServer  : Tomcat initialized with port(s): 8080 (http)
2021-08-28 14:58:47.351  INFO 4076 --- [restartedMain] o.apache.catalina.core.StandardService   : Starting service [Tomcat]
2021-08-28 14:58:47.351  INFO 4076 --- [restartedMain] org.apache.catalina.core.StandardEngine  : Starting Servlet engine: [Apache Tomcat/9.0.50]
2021-08-28 14:58:47.383  INFO 4076 --- [restartedMain] o.a.c.c.C.[.[localhost].[/ShopmeAdmin]   : Initializing Spring embedded WebApplicationContext
2021-08-28 14:58:47.384  INFO 4076 --- [restartedMain] w.s.c.ServletWebServerApplicationContext : Root WebApplicationContext: initialization completed in 539 ms
2021-08-28 14:58:47.484  INFO 4076 --- [restartedMain] o.hibernate.jpa.internal.util.LogHelper  : HHH000204: Processing PersistenceUnitInfo [name: default]
2021-08-28 14:58:47.501  INFO 4076 --- [restartedMain] com.zaxxer.hikari.HikariDataSource       : HikariPool-6 - Starting...
2021-08-28 14:58:47.634  INFO 4076 --- [restartedMain] com.zaxxer.hikari.HikariDataSource       : HikariPool-6 - Start completed.
2021-08-28 14:58:47.677  INFO 4076 --- [restartedMain] org.hibernate.dialect.Dialect            : HHH000400: Using dialect: org.hibernate.dialect.MySQL8Dialect
2021-08-28 14:58:47.937  INFO 4076 --- [restartedMain] o.h.e.t.j.p.i.JtaPlatformInitiator       : HHH000490: Using JtaPlatform implementation: [org.hibernate.engine.transaction.jta.platform.internal.NoJtaPlatform]
2021-08-28 14:58:47.938  INFO 4076 --- [restartedMain] j.LocalContainerEntityManagerFactoryBean : Initialized JPA EntityManagerFactory for persistence unit 'default'
2021-08-28 14:58:47.991  WARN 4076 --- [restartedMain] JpaBaseConfiguration$JpaWebConfiguration : spring.jpa.open-in-view is enabled by default. Therefore, database queries may be performed during view rendering. Explicitly configure spring.jpa.open-in-view to disable this warning
2021-08-28 14:58:48.234  INFO 4076 --- [restartedMain] o.s.s.web.DefaultSecurityFilterChain     : Will secure Ant [pattern='/images/**'] with []
2021-08-28 14:58:48.234  INFO 4076 --- [restartedMain] o.s.s.web.DefaultSecurityFilterChain     : Will secure Ant [pattern='/js/**'] with []
2021-08-28 14:58:48.234  INFO 4076 --- [restartedMain] o.s.s.web.DefaultSecurityFilterChain     : Will secure Ant [pattern='/webjars/**'] with []
2021-08-28 14:58:48.248  INFO 4076 --- [restartedMain] o.s.s.web.DefaultSecurityFilterChain     : Will secure any request with [org.springframework.security.web.context.request.async.WebAsyncManagerIntegrationFilter@669f8f95, org.springframework.security.web.context.SecurityContextPersistenceFilter@14fd1a7, org.springframework.security.web.header.HeaderWriterFilter@6e16267b, org.springframework.security.web.csrf.CsrfFilter@9d31c96, org.springframework.security.web.authentication.logout.LogoutFilter@1f8ed595, org.springframework.security.web.authentication.UsernamePasswordAuthenticationFilter@108b4039, org.springframework.security.web.savedrequest.RequestCacheAwareFilter@653ed7ef, org.springframework.security.web.servletapi.SecurityContextHolderAwareRequestFilter@3a4410cd, org.springframework.security.web.authentication.rememberme.RememberMeAuthenticationFilter@7ea8f043, org.springframework.security.web.authentication.AnonymousAuthenticationFilter@3bafe92f, org.springframework.security.web.session.SessionManagementFilter@10694890, org.springframework.security.web.access.ExceptionTranslationFilter@348a03f2, org.springframework.security.web.access.intercept.FilterSecurityInterceptor@6ed6776e]
2021-08-28 14:58:48.330  INFO 4076 --- [restartedMain] o.s.b.a.w.s.WelcomePageHandlerMapping    : Adding welcome page template: index
2021-08-28 14:58:48.758  INFO 4076 --- [restartedMain] o.s.b.d.a.OptionalLiveReloadServer       : LiveReload server is running on port 35729
2021-08-28 14:58:48.778  INFO 4076 --- [restartedMain] o.s.b.w.embedded.tomcat.TomcatWebServer  : Tomcat started on port(s): 8080 (http) with context path '/ShopmeAdmin'
2021-08-28 14:58:48.788  INFO 4076 --- [restartedMain] c.u.admin.ShopmeBackEndApplication       : Started ShopmeBackEndApplication in 2.024 seconds (JVM running for 549.937)
2021-08-28 14:58:48.798  INFO 4076 --- [restartedMain] .ConditionEvaluationDeltaLoggingListener : Condition evaluation unchanged
2021-08-28 14:59:10.006  INFO 4076 --- [RMI TCP Connection(25)-127.0.0.1] inMXBeanRegistrar$SpringApplicationAdmin : Application shutdown requested.
2021-08-28 14:59:10.040  INFO 4076 --- [RMI TCP Connection(25)-127.0.0.1] j.LocalContainerEntityManagerFactoryBean : Closing JPA EntityManagerFactory for persistence unit 'default'
2021-08-28 14:59:10.045  INFO 4076 --- [RMI TCP Connection(25)-127.0.0.1] com.zaxxer.hikari.HikariDataSource       : HikariPool-6 - Shutdown initiated...
2021-08-28 14:59:10.057  INFO 4076 --- [RMI TCP Connection(25)-127.0.0.1] com.zaxxer.hikari.HikariDataSource       : HikariPool-6 - Shutdown completed.
