2021-08-28 15:15:02.521  INFO 4416 --- [restartedMain] c.u.admin.ShopmeBackEndApplication       : Starting ShopmeBackEndApplication using Java 16.0.1 on LifeisGood with PID 4416 (C:\Users\miyaw\Downloads\Compressed\ShopmeProjectEcommerce\ShopmeRootProject\ShopmeWebParent\ShopmeBackEnd\target\classes started by miyaw in C:\Users\miyaw\Downloads\Compressed\ShopmeProjectEcommerce\ShopmeRootProject\ShopmeWebParent\ShopmeBackEnd)
2021-08-28 15:15:02.522  INFO 4416 --- [restartedMain] c.u.admin.ShopmeBackEndApplication       : No active profile set, falling back to default profiles: default
2021-08-28 15:15:02.995  INFO 4416 --- [restartedMain] .s.d.r.c.RepositoryConfigurationDelegate : Bootstrapping Spring Data JPA repositories in DEFAULT mode.
2021-08-28 15:15:03.017  INFO 4416 --- [restartedMain] .s.d.r.c.RepositoryConfigurationDelegate : Finished Spring Data repository scanning in 21 ms. Found 2 JPA repository interfaces.
2021-08-28 15:15:03.210  INFO 4416 --- [restartedMain] o.s.b.w.embedded.tomcat.TomcatWebServer  : Tomcat initialized with port(s): 8080 (http)
2021-08-28 15:15:03.211  INFO 4416 --- [restartedMain] o.apache.catalina.core.StandardService   : Starting service [Tomcat]
2021-08-28 15:15:03.212  INFO 4416 --- [restartedMain] org.apache.catalina.core.StandardEngine  : Starting Servlet engine: [Apache Tomcat/9.0.50]
2021-08-28 15:15:03.240  INFO 4416 --- [restartedMain] o.a.c.c.C.[.[localhost].[/ShopmeAdmin]   : Initializing Spring embedded WebApplicationContext
2021-08-28 15:15:03.240  INFO 4416 --- [restartedMain] w.s.c.ServletWebServerApplicationContext : Root WebApplicationContext: initialization completed in 711 ms
2021-08-28 15:15:03.329  INFO 4416 --- [restartedMain] o.hibernate.jpa.internal.util.LogHelper  : HHH000204: Processing PersistenceUnitInfo [name: default]
2021-08-28 15:15:03.367  INFO 4416 --- [restartedMain] com.zaxxer.hikari.HikariDataSource       : HikariPool-3 - Starting...
2021-08-28 15:15:03.403  INFO 4416 --- [restartedMain] com.zaxxer.hikari.HikariDataSource       : HikariPool-3 - Start completed.
2021-08-28 15:15:03.406  INFO 4416 --- [restartedMain] org.hibernate.dialect.Dialect            : HHH000400: Using dialect: org.hibernate.dialect.MySQL8Dialect
2021-08-28 15:15:03.584  INFO 4416 --- [restartedMain] o.h.e.t.j.p.i.JtaPlatformInitiator       : HHH000490: Using JtaPlatform implementation: [org.hibernate.engine.transaction.jta.platform.internal.NoJtaPlatform]
2021-08-28 15:15:03.584  INFO 4416 --- [restartedMain] j.LocalContainerEntityManagerFactoryBean : Initialized JPA EntityManagerFactory for persistence unit 'default'
2021-08-28 15:15:03.685  WARN 4416 --- [restartedMain] JpaBaseConfiguration$JpaWebConfiguration : spring.jpa.open-in-view is enabled by default. Therefore, database queries may be performed during view rendering. Explicitly configure spring.jpa.open-in-view to disable this warning
2021-08-28 15:15:04.003  INFO 4416 --- [restartedMain] o.s.s.web.DefaultSecurityFilterChain     : Will secure Ant [pattern='/images/**'] with []
2021-08-28 15:15:04.003  INFO 4416 --- [restartedMain] o.s.s.web.DefaultSecurityFilterChain     : Will secure Ant [pattern='/js/**'] with []
2021-08-28 15:15:04.003  INFO 4416 --- [restartedMain] o.s.s.web.DefaultSecurityFilterChain     : Will secure Ant [pattern='/webjars/**'] with []
2021-08-28 15:15:04.027  INFO 4416 --- [restartedMain] o.s.s.web.DefaultSecurityFilterChain     : Will secure any request with [org.springframework.security.web.context.request.async.WebAsyncManagerIntegrationFilter@23730ace, org.springframework.security.web.context.SecurityContextPersistenceFilter@86b7191, org.springframework.security.web.header.HeaderWriterFilter@7b84d9bd, org.springframework.security.web.csrf.CsrfFilter@71236657, org.springframework.security.web.authentication.logout.LogoutFilter@6d32828c, org.springframework.security.web.authentication.UsernamePasswordAuthenticationFilter@5d70065f, org.springframework.security.web.savedrequest.RequestCacheAwareFilter@47788a2, org.springframework.security.web.servletapi.SecurityContextHolderAwareRequestFilter@5963e0a0, org.springframework.security.web.authentication.rememberme.RememberMeAuthenticationFilter@190c759, org.springframework.security.web.authentication.AnonymousAuthenticationFilter@1a4348ad, org.springframework.security.web.session.SessionManagementFilter@6290a24a, org.springframework.security.web.access.ExceptionTranslationFilter@1a52d856, org.springframework.security.web.access.intercept.FilterSecurityInterceptor@2773cf52]
2021-08-28 15:15:04.147  INFO 4416 --- [restartedMain] o.s.b.a.w.s.WelcomePageHandlerMapping    : Adding welcome page template: index
2021-08-28 15:15:04.598  INFO 4416 --- [restartedMain] o.s.b.d.a.OptionalLiveReloadServer       : LiveReload server is running on port 35729
2021-08-28 15:15:04.760  INFO 4416 --- [restartedMain] o.s.b.w.embedded.tomcat.TomcatWebServer  : Tomcat started on port(s): 8080 (http) with context path '/ShopmeAdmin'
2021-08-28 15:15:04.775  INFO 4416 --- [restartedMain] c.u.admin.ShopmeBackEndApplication       : Started ShopmeBackEndApplication in 2.336 seconds (JVM running for 330.795)
2021-08-28 15:15:04.782  INFO 4416 --- [restartedMain] .ConditionEvaluationDeltaLoggingListener : Condition evaluation unchanged
